<?xml version="1.0" encoding="UTF-8"?>
<testng-results skipped="0" failed="0" ignored="0" total="2" passed="2">
  <reporter-output>
  </reporter-output>
  <suite name="Default suite" duration-ms="66036" started-at="2019-03-26T19:12:37Z" finished-at="2019-03-26T19:13:43Z">
    <groups>
    </groups>
    <test name="Default test" duration-ms="66036" started-at="2019-03-26T19:12:37Z" finished-at="2019-03-26T19:13:43Z">
      <class name="com.qa.usgtd.test.OrderEntryPageTest">
        <test-method status="PASS" signature="setUp()[pri:0, instance:com.qa.usgtd.test.OrderEntryPageTest@6d4b1c02]" name="setUp" is-config="true" duration-ms="24543" started-at="2019-03-27T00:42:37Z" finished-at="2019-03-27T00:43:02Z">
          <reporter-output>
          </reporter-output>
        </test-method> <!-- setUp -->
        <test-method status="PASS" signature="verifyOrderEntry(java.lang.String, java.lang.String, java.lang.String, java.lang.String, java.lang.String, java.lang.String)[pri:0, instance:com.qa.usgtd.test.OrderEntryPageTest@6d4b1c02]" name="verifyOrderEntry" duration-ms="6795" started-at="2019-03-27T00:43:02Z" data-provider="getGTDTestData" finished-at="2019-03-27T00:43:09Z">
          <params>
            <param index="0">
              <value>
                <![CDATA[AAL]]>
              </value>
            </param>
            <param index="1">
              <value>
                <![CDATA[10.0]]>
              </value>
            </param>
            <param index="2">
              <value>
                <![CDATA[40.0]]>
              </value>
            </param>
            <param index="3">
              <value>
                <![CDATA[USD]]>
              </value>
            </param>
            <param index="4">
              <value>
                <![CDATA[General]]>
              </value>
            </param>
            <param index="5">
              <value>
                <![CDATA[24-Apr-2019]]>
              </value>
            </param>
          </params>
          <reporter-output>
          </reporter-output>
        </test-method> <!-- verifyOrderEntry -->
        <test-method status="PASS" signature="tearDown()[pri:0, instance:com.qa.usgtd.test.OrderEntryPageTest@6d4b1c02]" name="tearDown" is-config="true" duration-ms="3305" started-at="2019-03-27T00:43:09Z" finished-at="2019-03-27T00:43:12Z">
          <reporter-output>
          </reporter-output>
        </test-method> <!-- tearDown -->
        <test-method status="PASS" signature="setUp()[pri:0, instance:com.qa.usgtd.test.OrderEntryPageTest@6d4b1c02]" name="setUp" is-config="true" duration-ms="20561" started-at="2019-03-27T00:43:12Z" finished-at="2019-03-27T00:43:33Z">
          <reporter-output>
          </reporter-output>
        </test-method> <!-- setUp -->
        <test-method status="PASS" signature="verifyOrderEntry(java.lang.String, java.lang.String, java.lang.String, java.lang.String, java.lang.String, java.lang.String)[pri:0, instance:com.qa.usgtd.test.OrderEntryPageTest@6d4b1c02]" name="verifyOrderEntry" duration-ms="6513" started-at="2019-03-27T00:43:33Z" data-provider="getGTDTestData" finished-at="2019-03-27T00:43:39Z">
          <params>
            <param index="0">
              <value>
                <![CDATA[HP]]>
              </value>
            </param>
            <param index="1">
              <value>
                <![CDATA[10.0]]>
              </value>
            </param>
            <param index="2">
              <value>
                <![CDATA[10.0]]>
              </value>
            </param>
            <param index="3">
              <value>
                <![CDATA[JPY]]>
              </value>
            </param>
            <param index="4">
              <value>
                <![CDATA[Special]]>
              </value>
            </param>
            <param index="5">
              <value>
                <![CDATA[29-May-2019]]>
              </value>
            </param>
          </params>
          <reporter-output>
          </reporter-output>
        </test-method> <!-- verifyOrderEntry -->
        <test-method status="PASS" signature="tearDown()[pri:0, instance:com.qa.usgtd.test.OrderEntryPageTest@6d4b1c02]" name="tearDown" is-config="true" duration-ms="3591" started-at="2019-03-27T00:43:39Z" finished-at="2019-03-27T00:43:43Z">
          <reporter-output>
          </reporter-output>
        </test-method> <!-- tearDown -->
      </class> <!-- com.qa.usgtd.test.OrderEntryPageTest -->
    </test> <!-- Default test -->
  </suite> <!-- Default suite -->
</testng-results>
